<testsuite name="Mocha Tests" tests="20" failures="0" errors="1" skipped="0" timestamp="Fri, 20 Jun 2025 13:33:01 GMT" time="1290.706">
<testcase classname="E2E Test Suite for &#x27;node-update-address-book&#x27; Bootstrap network for test [release v0.61.7]" name="should cleanup previous deployment" file="/Users/timo/SwirldsLabs/Projects/solo/test/e2e/commands/node-update-address-book.test.ts" time="2.283"/>
<testcase classname="E2E Test Suite for &#x27;node-update-address-book&#x27; Bootstrap network for test [release v0.61.7]" name="should success with &#x27;cluster-ref connect&#x27;" file="/Users/timo/SwirldsLabs/Projects/solo/test/e2e/commands/node-update-address-book.test.ts" time="0.02"/>
<testcase classname="E2E Test Suite for &#x27;node-update-address-book&#x27; Bootstrap network for test [release v0.61.7]" name="should succeed with deployment create" file="/Users/timo/SwirldsLabs/Projects/solo/test/e2e/commands/node-update-address-book.test.ts" time="0.005"/>
<testcase classname="E2E Test Suite for &#x27;node-update-address-book&#x27; Bootstrap network for test [release v0.61.7]" name="should succeed with &#x27;deployment add-cluster&#x27;" file="/Users/timo/SwirldsLabs/Projects/solo/test/e2e/commands/node-update-address-book.test.ts" time="0.068"/>
<testcase classname="E2E Test Suite for &#x27;node-update-address-book&#x27; Bootstrap network for test [release v0.61.7]" name="generate key files" file="/Users/timo/SwirldsLabs/Projects/solo/test/e2e/commands/node-update-address-book.test.ts" time="1.892"/>
<testcase classname="E2E Test Suite for &#x27;node-update-address-book&#x27; Bootstrap network for test [release v0.61.7]" name="should succeed with network deploy" file="/Users/timo/SwirldsLabs/Projects/solo/test/e2e/commands/node-update-address-book.test.ts" time="150.109"/>
<testcase classname="E2E Test Suite for &#x27;node-update-address-book&#x27; Bootstrap network for test [release v0.61.7]" name="should succeed with node setup command" file="/Users/timo/SwirldsLabs/Projects/solo/test/e2e/commands/node-update-address-book.test.ts" time="34.125"/>
<testcase classname="E2E Test Suite for &#x27;node-update-address-book&#x27; Bootstrap network for test [release v0.61.7]" name="should succeed with node start command" file="/Users/timo/SwirldsLabs/Projects/solo/test/e2e/commands/node-update-address-book.test.ts" time="52.703"/>
<testcase classname="E2E Test Suite for &#x27;node-update-address-book&#x27; Bootstrap network for test [release v0.61.7]" name="node log command should work" file="/Users/timo/SwirldsLabs/Projects/solo/test/e2e/commands/node-update-address-book.test.ts" time="3.921"/>
<testcase classname="E2E Test Suite for &#x27;node-update-address-book&#x27; node-update-address-book Node account-id update with mirror-node validation" name="record existing service-map and deploy mirror-node" file="/Users/timo/SwirldsLabs/Projects/solo/test/e2e/commands/node-update-address-book.test.ts" time="79.79"/>
<testcase classname="E2E Test Suite for &#x27;node-update-address-book&#x27; node-update-address-book Node account-id update with mirror-node validation" name="initial mirror-node /network/nodes should contain old account-id" file="/Users/timo/SwirldsLabs/Projects/solo/test/e2e/commands/node-update-address-book.test.ts" time="0.029"/>
<testcase classname="E2E Test Suite for &#x27;node-update-address-book&#x27; node-update-address-book Node account-id update with mirror-node validation" name="run account init" file="/Users/timo/SwirldsLabs/Projects/solo/test/e2e/commands/node-update-address-book.test.ts" time="272.29"/>
<testcase classname="E2E Test Suite for &#x27;node-update-address-book&#x27; node-update-address-book Node account-id update with mirror-node validation" name="perform node update (account-id change) successfully" file="/Users/timo/SwirldsLabs/Projects/solo/test/e2e/commands/node-update-address-book.test.ts" time="246.058"/>
<testcase classname="E2E Test Suite for &#x27;node-update-address-book&#x27; node-update-address-book Node account-id update with mirror-node validation" name="Balance query should succeed" file="/Users/timo/SwirldsLabs/Projects/solo/test/e2e/commands/node-update-address-book.test.ts" time="1.147"/>
<testcase classname="E2E Test Suite for &#x27;node-update-address-book&#x27; node-update-address-book Node account-id update with mirror-node validation" name="Account creation should succeed" file="/Users/timo/SwirldsLabs/Projects/solo/test/e2e/commands/node-update-address-book.test.ts" time="2.236"/>
<testcase classname="E2E Test Suite for &#x27;node-update-address-book&#x27; node-update-address-book Node account-id update with mirror-node validation" name="mirror-node should now expose new account-id" file="/Users/timo/SwirldsLabs/Projects/solo/test/e2e/commands/node-update-address-book.test.ts" time="0.022"/>
<testcase classname="E2E Test Suite for &#x27;node-update-address-book&#x27; node-update-address-book Node account-id update with mirror-node validation" name="service-map should reflect the new account-id" file="/Users/timo/SwirldsLabs/Projects/solo/test/e2e/commands/node-update-address-book.test.ts" time="0.023"/>
<testcase classname="E2E Test Suite for &#x27;node-update-address-book&#x27; node-update-address-book Node account-id update with mirror-node validation" name="transaction directed at the NEW account-id should succeed" file="/Users/timo/SwirldsLabs/Projects/solo/test/e2e/commands/node-update-address-book.test.ts" time="216.791"/>
<testcase classname="E2E Test Suite for &#x27;node-update-address-book&#x27; node-update-address-book Node account-id update with mirror-node validation" name="transaction directed at the OLD account-id should fail" file="/Users/timo/SwirldsLabs/Projects/solo/test/e2e/commands/node-update-address-book.test.ts" time="0.132"/>
<testcase classname="E2E Test Suite for &#x27;node-update-address-book&#x27; node-update-address-book Node account-id update with mirror-node validation" name="mirror-node should show non-zero charged fees for a transfer" file="/Users/timo/SwirldsLabs/Projects/solo/test/e2e/commands/node-update-address-book.test.ts" time="127.062"><failure>expected +0 to be above +0

      + expected - actual


AssertionError: expected +0 to be above +0
    at Context.&#x3C;anonymous&#x3E; (/Users/timo/SwirldsLabs/Projects/solo/test/e2e/commands/node-update-address-book.test.ts:413:29)</failure></testcase>
</testsuite>
